#
# There is insufficient memory for the Java Runtime Environment to continue.
# Native memory allocation (malloc) failed to allocate 374768 bytes for Chunk::new
# Possible reasons:
#   The system is out of physical RAM or swap space
#   The process is running with CompressedOops enabled, and the Java Heap may be blocking the growth of the native heap
# Possible solutions:
#   Reduce memory load on the system
#   Increase physical memory or swap space
#   Check if swap backing store is full
#   Decrease Java heap size (-Xmx/-Xms)
#   Decrease number of Java threads
#   Decrease Java thread stack sizes (-Xss)
#   Set larger code cache with -XX:ReservedCodeCacheSize=
#   JVM is running with Unscaled Compressed Oops mode in which the Java heap is
#     placed in the first 4GB address space. The Java Heap base address is the
#     maximum limit for the native heap growth. Please use -XX:HeapBaseMinAddress
#     to set the Java Heap base and to place the Java Heap above 4GB virtual address.
# This output file may be truncated or incomplete.
#
#  Out of Memory Error (allocation.cpp:389), pid=2640, tid=0x000000000000044c
#
# JRE version: OpenJDK Runtime Environment (8.0_242-b01) (build 1.8.0_242-release-1644-b01)
# Java VM: OpenJDK 64-Bit Server VM (25.242-b01 mixed mode windows-amd64 compressed oops)
# Failed to write core dump. Minidumps are not enabled by default on client versions of Windows
#

---------------  T H R E A D  ---------------

Current thread (0x0000000015ff4000):  JavaThread "C2 CompilerThread0" daemon [_thread_in_native, id=1100, stack(0x0000000017660000,0x0000000017760000)]

Stack: [0x0000000017660000,0x0000000017760000]
[error occurred during error reporting (printing stack bounds), id 0xc0000005]

Native frames: (J=compiled Java code, j=interpreted, Vv=VM code, C=native code)


Current CompileTask:
C2:   7998 5583       4       java.net.URLClassLoader$1::run (5 bytes)


---------------  P R O C E S S  ---------------

Java Threads: ( => current thread )
  0x000000001c107000 JavaThread "Cache worker for execution history cache (E:\J_P\note_final\.gradle\6.1.1\executionHistory)" [_thread_blocked, id=7948, stack(0x0000000023600000,0x0000000023700000)]
  0x000000001c10b800 JavaThread "Execution worker for ':' Thread 3" [_thread_blocked, id=9736, stack(0x0000000023500000,0x0000000023600000)]
  0x000000001c10a000 JavaThread "Execution worker for ':' Thread 2" [_thread_blocked, id=5396, stack(0x0000000023400000,0x0000000023500000)]
  0x000000001c0ff800 JavaThread "Execution worker for ':'" [_thread_blocked, id=2076, stack(0x0000000023300000,0x0000000023400000)]
  0x000000001c0fe800 JavaThread "Cache worker for file content cache (E:\J_P\note_final\.gradle\6.1.1\fileContent)" [_thread_blocked, id=4760, stack(0x0000000022b50000,0x0000000022c50000)]
  0x000000001c105800 JavaThread "Cache worker for file content cache (C:\Users\natal\.gradle\caches\6.1.1\fileContent)" [_thread_blocked, id=7240, stack(0x0000000022a50000,0x0000000022b50000)]
  0x000000001c104800 JavaThread "Memory manager" [_thread_blocked, id=4756, stack(0x0000000022950000,0x0000000022a50000)]
  0x000000001c104000 JavaThread "Cache worker for Build Output Cleanup Cache (E:\J_P\note_final\.gradle\buildOutputCleanup)" [_thread_blocked, id=3584, stack(0x0000000022050000,0x0000000022150000)]
  0x000000001c103000 JavaThread "Build operations Thread 4" [_thread_blocked, id=7080, stack(0x0000000021950000,0x0000000021a50000)]
  0x000000001c101000 JavaThread "Build operations Thread 3" [_thread_blocked, id=7036, stack(0x0000000021850000,0x0000000021950000)]
  0x000000001c100000 JavaThread "Build operations Thread 2" [_thread_blocked, id=8636, stack(0x0000000021750000,0x0000000021850000)]
  0x000000001c101800 JavaThread "Build operations" [_thread_blocked, id=6888, stack(0x0000000021650000,0x0000000021750000)]
  0x0000000019a0f800 JavaThread "Cache worker for execution history cache (C:\Users\natal\.gradle\caches\6.1.1\executionHistory)" [_thread_blocked, id=9488, stack(0x000000001f980000,0x000000001fa80000)]
  0x0000000019a0b000 JavaThread "Cache worker for cache directory md-rule (C:\Users\natal\.gradle\caches\6.1.1\md-rule)" [_thread_blocked, id=8328, stack(0x000000001e7e0000,0x000000001e8e0000)]
  0x0000000019a0d800 JavaThread "Cache worker for cache directory md-supplier (C:\Users\natal\.gradle\caches\6.1.1\md-supplier)" [_thread_blocked, id=7728, stack(0x000000001e230000,0x000000001e330000)]
  0x0000000019a0a800 JavaThread "Cache worker for file hash cache (E:\J_P\note_final\.gradle\6.1.1\fileHashes)" [_thread_in_Java, id=5924, stack(0x000000001e4e0000,0x000000001e5e0000)]
  0x0000000019a0f000 JavaThread "Cache worker for checksums cache (E:\J_P\note_final\.gradle\checksums)" [_thread_blocked, id=3236, stack(0x000000001e3e0000,0x000000001e4e0000)]
  0x0000000019a0e000 JavaThread "Cache worker for file hash cache (C:\Users\natal\.gradle\caches\6.1.1\fileHashes)" [_thread_blocked, id=6844, stack(0x000000001bd90000,0x000000001be90000)]
  0x0000000019a11000 JavaThread "File lock request listener" [_thread_in_native, id=1264, stack(0x000000001bc90000,0x000000001bd90000)]
  0x000000001848c800 JavaThread "Cache worker for journal cache (C:\Users\natal\.gradle\caches\journal-1)" [_thread_blocked, id=9388, stack(0x000000001bb90000,0x000000001bc90000)]
  0x00000000199a1800 JavaThread "Thread-9" [_thread_blocked, id=3144, stack(0x000000001b890000,0x000000001b990000)]
  0x00000000199ca800 JavaThread "Stdin handler" [_thread_blocked, id=4232, stack(0x000000001b790000,0x000000001b890000)]
  0x00000000199c7800 JavaThread "Asynchronous log dispatcher for DefaultDaemonConnection: socket connection from /127.0.0.1:50823 to /127.0.0.1:50824" [_thread_blocked, id=5268, stack(0x000000001b690000,0x000000001b790000)]
  0x00000000199ab000 JavaThread "Daemon worker" [_thread_blocked, id=8428, stack(0x000000001b590000,0x000000001b690000)]
  0x00000000199b3800 JavaThread "Cancel handler" [_thread_blocked, id=10528, stack(0x000000001b490000,0x000000001b590000)]
  0x000000001998d000 JavaThread "Handler for socket connection from /127.0.0.1:50823 to /127.0.0.1:50824" [_thread_in_native, id=2952, stack(0x000000001b190000,0x000000001b290000)]
  0x000000001998a000 JavaThread "Daemon" [_thread_blocked, id=10912, stack(0x000000001b090000,0x000000001b190000)]
  0x000000001995e800 JavaThread "Daemon periodic checks" [_thread_blocked, id=10500, stack(0x000000001af90000,0x000000001b090000)]
  0x000000001990d800 JavaThread "Incoming local TCP Connector on port 50823" [_thread_in_native, id=8292, stack(0x000000001ad40000,0x000000001ae40000)]
  0x000000001984b000 JavaThread "Daemon health stats" [_thread_blocked, id=5852, stack(0x000000001a700000,0x000000001a800000)]
  0x000000001604e800 JavaThread "Service Thread" daemon [_thread_blocked, id=992, stack(0x0000000017d60000,0x0000000017e60000)]
  0x000000001600c000 JavaThread "C1 CompilerThread2" daemon [_thread_in_vm, id=9716, stack(0x0000000017860000,0x0000000017960000)]
  0x0000000015ffa000 JavaThread "C2 CompilerThread1" daemon [_thread_in_native, id=5752, stack(0x0000000017760000,0x0000000017860000)]
=>0x0000000015ff4000 JavaThread "C2 CompilerThread0" daemon [_thread_in_native, id=1100, stack(0x0000000017660000,0x0000000017760000)]
  0x0000000015ff3000 JavaThread "Attach Listener" daemon [_thread_blocked, id=11032, stack(0x0000000017560000,0x0000000017660000)]
  0x0000000015ff9000 JavaThread "Signal Dispatcher" daemon [_thread_blocked, id=4240, stack(0x0000000017460000,0x0000000017560000)]
  0x000000000267c800 JavaThread "Finalizer" daemon [_thread_blocked, id=2792, stack(0x0000000017260000,0x0000000017360000)]
  0x0000000015fd9000 JavaThread "Reference Handler" daemon [_thread_blocked, id=10532, stack(0x0000000017160000,0x0000000017260000)]
  0x000000000240e800 JavaThread "main" [_thread_blocked, id=3348, stack(0x0000000002410000,0x0000000002510000)]

Other Threads:
  0x0000000015fb6000 VMThread [stack: 0x0000000017060000,0x0000000017160000] [id=10560]
  0x0000000017998800 WatcherThread [stack: 0x0000000017e60000,0x0000000017f60000] [id=6688]

VM state:not at safepoint (normal execution)

VM Mutex/Monitor currently owned by a thread: None

heap address: 0x00000000a0000000, size: 1536 MB, Compressed Oops mode: 32-bit
Narrow klass base: 0x0000000000000000, Narrow klass shift: 3
Compressed class space size: 1073741824 Address: 0x0000000100000000

Heap:
 PSYoungGen      total 142848K, used 43381K [0x00000000e0000000, 0x00000000ea600000, 0x0000000100000000)
  eden space 130560K, 33% used [0x00000000e0000000,0x00000000e2a5d5d0,0x00000000e7f80000)
  from space 12288K, 0% used [0x00000000e9a00000,0x00000000e9a00000,0x00000000ea600000)
  to   space 13312K, 0% used [0x00000000e8c00000,0x00000000e8c00000,0x00000000e9900000)
 ParOldGen       total 59392K, used 29607K [0x00000000a0000000, 0x00000000a3a00000, 0x00000000e0000000)
  object space 59392K, 49% used [0x00000000a0000000,0x00000000a1ce9f80,0x00000000a3a00000)
 Metaspace       used 59487K, capacity 61814K, committed 62120K, reserved 1101824K
  class space    used 8253K, capacity 8776K, committed 8880K, reserved 1048576K

Card table byte_map: [0x0000000011a40000,0x0000000011d50000] byte_map_base: 0x0000000011540000

Marking Bits: (ParMarkBitMap*) 0x0000000055aef030
 Begin Bits: [0x0000000012350000, 0x0000000013b50000)
 End Bits:   [0x0000000013b50000, 0x0000000015350000)

Polling page: 0x0000000000bd0000

CodeCache: size=245760Kb used=16665Kb max_used=17010Kb free=229094Kb
 bounds [0x0000000002680000, 0x0000000003730000, 0x0000000011680000]
 total_blobs=5957 nmethods=5173 adapters=697
 compilation: enabled

Compilation events (10 events):
Event: 7.994 Thread 0x000000001600c000 nmethod 5729 0x0000000002cf0ed0 code [0x0000000002cf1020, 0x0000000002cf1230]
Event: 7.994 Thread 0x000000001600c000 5730       3       java.security.MessageDigest$Delegate::<init> (11 bytes)
Event: 7.994 Thread 0x000000001600c000 nmethod 5730 0x00000000028ae0d0 code [0x00000000028ae240, 0x00000000028ae4f0]
Event: 7.995 Thread 0x000000001600c000 5732       3       org.gradle.internal.vfs.DefaultAdditiveCacheLocations::isInsideAdditiveCache (11 bytes)
Event: 7.995 Thread 0x000000001600c000 nmethod 5732 0x0000000002b3f950 code [0x0000000002b3fac0, 0x0000000002b3fce8]
Event: 7.995 Thread 0x000000001600c000 5734       3       com.google.common.cache.LocalCache::isExpired (57 bytes)
Event: 7.995 Thread 0x000000001600c000 nmethod 5734 0x0000000002b3ee50 code [0x0000000002b3f000, 0x0000000002b3f708]
Event: 7.995 Thread 0x000000001600c000 5733       3       org.gradle.internal.file.DefaultFileHierarchySet$PrefixFileSet::contains (10 bytes)
Event: 7.995 Thread 0x000000001600c000 nmethod 5733 0x0000000002b3ea50 code [0x0000000002b3ebc0, 0x0000000002b3ed68]
Event: 7.997 Thread 0x000000001600c000 5735       3       org.gradle.api.internal.changedetection.state.CachingFileHasher::snapshot (114 bytes)

GC Heap History (10 events):
Event: 4.248 GC heap before
{Heap before GC invocations=11 (full 2):
 PSYoungGen      total 116736K, used 9128K [0x00000000e0000000, 0x00000000ea600000, 0x0000000100000000)
  eden space 104960K, 0% used [0x00000000e0000000,0x00000000e0000000,0x00000000e6680000)
  from space 11776K, 77% used [0x00000000e6680000,0x00000000e6f6a3e8,0x00000000e7200000)
  to   space 12288K, 0% used [0x00000000e9a00000,0x00000000e9a00000,0x00000000ea600000)
 ParOldGen       total 59392K, used 9062K [0x00000000a0000000, 0x00000000a3a00000, 0x00000000e0000000)
  object space 59392K, 15% used [0x00000000a0000000,0x00000000a08d9a90,0x00000000a3a00000)
 Metaspace       used 34605K, capacity 35462K, committed 35496K, reserved 1079296K
  class space    used 4750K, capacity 5008K, committed 5040K, reserved 1048576K
Event: 4.309 GC heap after
Heap after GC invocations=11 (full 2):
 PSYoungGen      total 116736K, used 0K [0x00000000e0000000, 0x00000000ea600000, 0x0000000100000000)
  eden space 104960K, 0% used [0x00000000e0000000,0x00000000e0000000,0x00000000e6680000)
  from space 11776K, 0% used [0x00000000e6680000,0x00000000e6680000,0x00000000e7200000)
  to   space 12288K, 0% used [0x00000000e9a00000,0x00000000e9a00000,0x00000000ea600000)
 ParOldGen       total 59392K, used 15759K [0x00000000a0000000, 0x00000000a3a00000, 0x00000000e0000000)
  object space 59392K, 26% used [0x00000000a0000000,0x00000000a0f63ec0,0x00000000a3a00000)
 Metaspace       used 34605K, capacity 35462K, committed 35496K, reserved 1079296K
  class space    used 4750K, capacity 5008K, committed 5040K, reserved 1048576K
}
Event: 5.530 GC heap before
{Heap before GC invocations=12 (full 2):
 PSYoungGen      total 116736K, used 104960K [0x00000000e0000000, 0x00000000ea600000, 0x0000000100000000)
  eden space 104960K, 100% used [0x00000000e0000000,0x00000000e6680000,0x00000000e6680000)
  from space 11776K, 0% used [0x00000000e6680000,0x00000000e6680000,0x00000000e7200000)
  to   space 12288K, 0% used [0x00000000e9a00000,0x00000000e9a00000,0x00000000ea600000)
 ParOldGen       total 59392K, used 15759K [0x00000000a0000000, 0x00000000a3a00000, 0x00000000e0000000)
  object space 59392K, 26% used [0x00000000a0000000,0x00000000a0f63ec0,0x00000000a3a00000)
 Metaspace       used 44339K, capacity 45776K, committed 45864K, reserved 1089536K
  class space    used 6010K, capacity 6386K, committed 6448K, reserved 1048576K
Event: 5.544 GC heap after
Heap after GC invocations=12 (full 2):
 PSYoungGen      total 142848K, used 12265K [0x00000000e0000000, 0x00000000ea600000, 0x0000000100000000)
  eden space 130560K, 0% used [0x00000000e0000000,0x00000000e0000000,0x00000000e7f80000)
  from space 12288K, 99% used [0x00000000e9a00000,0x00000000ea5fa460,0x00000000ea600000)
  to   space 13312K, 0% used [0x00000000e8c00000,0x00000000e8c00000,0x00000000e9900000)
 ParOldGen       total 59392K, used 15859K [0x00000000a0000000, 0x00000000a3a00000, 0x00000000e0000000)
  object space 59392K, 26% used [0x00000000a0000000,0x00000000a0f7ce40,0x00000000a3a00000)
 Metaspace       used 44339K, capacity 45776K, committed 45864K, reserved 1089536K
  class space    used 6010K, capacity 6386K, committed 6448K, reserved 1048576K
}
Event: 6.818 GC heap before
{Heap before GC invocations=13 (full 2):
 PSYoungGen      total 142848K, used 142825K [0x00000000e0000000, 0x00000000ea600000, 0x0000000100000000)
  eden space 130560K, 100% used [0x00000000e0000000,0x00000000e7f80000,0x00000000e7f80000)
  from space 12288K, 99% used [0x00000000e9a00000,0x00000000ea5fa460,0x00000000ea600000)
  to   space 13312K, 0% used [0x00000000e8c00000,0x00000000e8c00000,0x00000000e9900000)
 ParOldGen       total 59392K, used 15859K [0x00000000a0000000, 0x00000000a3a00000, 0x00000000e0000000)
  object space 59392K, 26% used [0x00000000a0000000,0x00000000a0f7ce40,0x00000000a3a00000)
 Metaspace       used 54642K, capacity 56620K, committed 56872K, reserved 1097728K
  class space    used 7459K, capacity 7937K, committed 7984K, reserved 1048576K
Event: 6.837 GC heap after
Heap after GC invocations=13 (full 2):
 PSYoungGen      total 143872K, used 13281K [0x00000000e0000000, 0x00000000ea600000, 0x0000000100000000)
  eden space 130560K, 0% used [0x00000000e0000000,0x00000000e0000000,0x00000000e7f80000)
  from space 13312K, 99% used [0x00000000e8c00000,0x00000000e98f84c0,0x00000000e9900000)
  to   space 12288K, 0% used [0x00000000e9a00000,0x00000000e9a00000,0x00000000ea600000)
 ParOldGen       total 59392K, used 23985K [0x00000000a0000000, 0x00000000a3a00000, 0x00000000e0000000)
  object space 59392K, 40% used [0x00000000a0000000,0x00000000a176c790,0x00000000a3a00000)
 Metaspace       used 54642K, capacity 56620K, committed 56872K, reserved 1097728K
  class space    used 7459K, capacity 7937K, committed 7984K, reserved 1048576K
}
Event: 7.106 GC heap before
{Heap before GC invocations=14 (full 2):
 PSYoungGen      total 143872K, used 42716K [0x00000000e0000000, 0x00000000ea600000, 0x0000000100000000)
  eden space 130560K, 22% used [0x00000000e0000000,0x00000000e1cbed08,0x00000000e7f80000)
  from space 13312K, 99% used [0x00000000e8c00000,0x00000000e98f84c0,0x00000000e9900000)
  to   space 12288K, 0% used [0x00000000e9a00000,0x00000000e9a00000,0x00000000ea600000)
 ParOldGen       total 59392K, used 23985K [0x00000000a0000000, 0x00000000a3a00000, 0x00000000e0000000)
  object space 59392K, 40% used [0x00000000a0000000,0x00000000a176c790,0x00000000a3a00000)
 Metaspace       used 57124K, capacity 59078K, committed 59160K, reserved 1099776K
  class space    used 7839K, capacity 8318K, committed 8368K, reserved 1048576K
Event: 7.119 GC heap after
Heap after GC invocations=14 (full 2):
 PSYoungGen      total 142848K, used 3242K [0x00000000e0000000, 0x00000000ea600000, 0x0000000100000000)
  eden space 130560K, 0% used [0x00000000e0000000,0x00000000e0000000,0x00000000e7f80000)
  from space 12288K, 26% used [0x00000000e9a00000,0x00000000e9d2a890,0x00000000ea600000)
  to   space 13312K, 0% used [0x00000000e8c00000,0x00000000e8c00000,0x00000000e9900000)
 ParOldGen       total 59392K, used 32605K [0x00000000a0000000, 0x00000000a3a00000, 0x00000000e0000000)
  object space 59392K, 54% used [0x00000000a0000000,0x00000000a1fd76d8,0x00000000a3a00000)
 Metaspace       used 57124K, capacity 59078K, committed 59160K, reserved 1099776K
  class space    used 7839K, capacity 8318K, committed 8368K, reserved 1048576K
}
Event: 7.119 GC heap before
{Heap before GC invocations=15 (full 3):
 PSYoungGen      total 142848K, used 3242K [0x00000000e0000000, 0x00000000ea600000, 0x0000000100000000)
  eden space 130560K, 0% used [0x00000000e0000000,0x00000000e0000000,0x00000000e7f80000)
  from space 12288K, 26% used [0x00000000e9a00000,0x00000000e9d2a890,0x00000000ea600000)
  to   space 13312K, 0% used [0x00000000e8c00000,0x00000000e8c00000,0x00000000e9900000)
 ParOldGen       total 59392K, used 32605K [0x00000000a0000000, 0x00000000a3a00000, 0x00000000e0000000)
  object space 59392K, 54% used [0x00000000a0000000,0x00000000a1fd76d8,0x00000000a3a00000)
 Metaspace       used 57124K, capacity 59078K, committed 59160K, reserved 1099776K
  class space    used 7839K, capacity 8318K, committed 8368K, reserved 1048576K
Event: 7.335 GC heap after
Heap after GC invocations=15 (full 3):
 PSYoungGen      total 142848K, used 0K [0x00000000e0000000, 0x00000000ea600000, 0x0000000100000000)
  eden space 130560K, 0% used [0x00000000e0000000,0x00000000e0000000,0x00000000e7f80000)
  from space 12288K, 0% used [0x00000000e9a00000,0x00000000e9a00000,0x00000000ea600000)
  to   space 13312K, 0% used [0x00000000e8c00000,0x00000000e8c00000,0x00000000e9900000)
 ParOldGen       total 59392K, used 29607K [0x00000000a0000000, 0x00000000a3a00000, 0x00000000e0000000)
  object space 59392K, 49% used [0x00000000a0000000,0x00000000a1ce9f80,0x00000000a3a00000)
 Metaspace       used 57117K, capacity 59054K, committed 59160K, reserved 1099776K
  class space    used 7837K, capacity 8314K, committed 8368K, reserved 1048576K
}

Deoptimization events (10 events):
Event: 7.630 Thread 0x00000000199ab000 Uncommon trap: reason=speculate_class_check action=maybe_recompile pc=0x0000000003249f28 method=com.google.common.collect.AbstractIndexedListIterator.next()Ljava/lang/Object; @ 27
Event: 7.630 Thread 0x00000000199ab000 Uncommon trap: reason=speculate_class_check action=maybe_recompile pc=0x0000000003249f28 method=com.google.common.collect.AbstractIndexedListIterator.next()Ljava/lang/Object; @ 27
Event: 7.641 Thread 0x00000000199ab000 Uncommon trap: reason=class_check action=maybe_recompile pc=0x0000000002d7433c method=java.util.concurrent.ConcurrentHashMap.putVal(Ljava/lang/Object;Ljava/lang/Object;Z)Ljava/lang/Object; @ 192
Event: 7.641 Thread 0x000000001c10a000 Uncommon trap: reason=unstable_if action=reinterpret pc=0x0000000002d74380 method=java.util.concurrent.ConcurrentHashMap.putVal(Ljava/lang/Object;Ljava/lang/Object;Z)Ljava/lang/Object; @ 98
Event: 7.831 Thread 0x000000001c107000 Uncommon trap: reason=bimorphic action=maybe_recompile pc=0x0000000003420644 method=java.util.Arrays.binarySearch0([Ljava/lang/Object;IILjava/lang/Object;Ljava/util/Comparator;)I @ 48
Event: 7.831 Thread 0x000000001c107000 Uncommon trap: reason=bimorphic action=maybe_recompile pc=0x0000000003420644 method=java.util.Arrays.binarySearch0([Ljava/lang/Object;IILjava/lang/Object;Ljava/util/Comparator;)I @ 48
Event: 7.831 Thread 0x000000001c107000 Uncommon trap: reason=bimorphic action=maybe_recompile pc=0x0000000003420644 method=java.util.Arrays.binarySearch0([Ljava/lang/Object;IILjava/lang/Object;Ljava/util/Comparator;)I @ 48
Event: 7.831 Thread 0x000000001c107000 Uncommon trap: reason=bimorphic action=maybe_recompile pc=0x0000000003420644 method=java.util.Arrays.binarySearch0([Ljava/lang/Object;IILjava/lang/Object;Ljava/util/Comparator;)I @ 48
Event: 7.932 Thread 0x000000001c107000 Uncommon trap: reason=unstable_if action=reinterpret pc=0x0000000002a9b870 method=com.esotericsoftware.kryo.io.Input.readVarInt(Z)I @ 42
Event: 7.946 Thread 0x000000001c107000 Uncommon trap: reason=unstable_if action=reinterpret pc=0x0000000002d21170 method=com.esotericsoftware.kryo.io.Input.readVarInt(Z)I @ 42

Classes redefined (0 events):
No events

Internal exceptions (10 events):
Event: 6.614 Thread 0x00000000199ab000 Exception <a 'java/lang/ClassNotFoundException': com/android/build/gradle/internal/api/ApkVariantOutputImplCustomizer> (0x00000000e68b0b68) thrown at [C:\src\AOSP-openjdk-git\hotspot\src\share\vm\classfile\systemDictionary.cpp, line 210]
Event: 6.614 Thread 0x00000000199ab000 Exception <a 'java/lang/ClassNotFoundException': com/android/build/gradle/internal/api/ApkVariantOutputImpl_DecoratedCustomizer> (0x00000000e68e46d8) thrown at [C:\src\AOSP-openjdk-git\hotspot\src\share\vm\classfile\systemDictionary.cpp, line 210]
Event: 6.858 Thread 0x00000000199ab000 Exception <a 'java/lang/ClassNotFoundException': com/sun/org/glassfish/hk2/osgiresourcelocator/ServiceLoader> (0x00000000e01b43b0) thrown at [C:\src\AOSP-openjdk-git\hotspot\src\share\vm\classfile\systemDictionary.cpp, line 210]
Event: 6.887 Thread 0x00000000199ab000 Exception <a 'java/lang/NullPointerException'> (0x00000000e064e188) thrown at [C:\src\AOSP-openjdk-git\hotspot\src\share\vm\interpreter\linkResolver.cpp, line 1287]
Event: 7.664 Thread 0x00000000199a1800 Exception <a 'java/lang/NoSuchMethodError': <clinit>> (0x00000000e0282108) thrown at [C:\src\AOSP-openjdk-git\hotspot\src\share\vm\prims\jni.cpp, line 1615]
Event: 7.665 Thread 0x00000000199a1800 Exception <a 'java/lang/NoSuchMethodError': <clinit>> (0x00000000e028d528) thrown at [C:\src\AOSP-openjdk-git\hotspot\src\share\vm\prims\jni.cpp, line 1615]
Event: 7.687 Thread 0x00000000199a1800 Exception <a 'java/lang/NoSuchMethodError': <clinit>> (0x00000000e029a010) thrown at [C:\src\AOSP-openjdk-git\hotspot\src\share\vm\prims\jni.cpp, line 1615]
Event: 7.689 Thread 0x00000000199a1800 Exception <a 'java/lang/NoSuchMethodError': <clinit>> (0x00000000e02aad98) thrown at [C:\src\AOSP-openjdk-git\hotspot\src\share\vm\prims\jni.cpp, line 1615]
Event: 7.689 Thread 0x00000000199a1800 Exception <a 'java/lang/NoSuchMethodError': <clinit>> (0x00000000e02ac8d0) thrown at [C:\src\AOSP-openjdk-git\hotspot\src\share\vm\prims\jni.cpp, line 1615]
Event: 7.795 Thread 0x00000000199a1800 Exception <a 'java/lang/NoSuchMethodError': <clinit>> (0x00000000e02b97d0) thrown at [C:\src\AOSP-openjdk-git\hotspot\src\share\vm\prims\jni.cpp, line 1615]

Events (10 events):
Event: 7.932 Thread 0x000000001c107000 DEOPT UNPACKING pc=0x00000000026c557b sp=0x00000000236fe500 mode 2
Event: 7.946 Thread 0x000000001c107000 Uncommon trap: trap_request=0xffffff65 fr.pc=0x0000000002d21170
Event: 7.946 Thread 0x000000001c107000 DEOPT PACKING pc=0x0000000002d21170 sp=0x00000000236fe5a0
Event: 7.946 Thread 0x000000001c107000 DEOPT UNPACKING pc=0x00000000026c557b sp=0x00000000236fe550 mode 2
Event: 7.947 loading class com/android/build/gradle/tasks/MergeResources$Flag
Event: 7.947 loading class com/android/build/gradle/tasks/MergeResources$Flag done
Event: 7.948 loading class java/util/Comparators$NaturalOrderComparator
Event: 7.948 loading class java/util/Comparators$NaturalOrderComparator done
Event: 7.948 loading class java/util/stream/SortedOps$SizedRefSortingSink
Event: 7.949 loading class java/util/stream/SortedOps$SizedRefSortingSink done


Dynamic libraries:
0x00007ff60bfe0000 - 0x00007ff60c011000 	C:\Program Files\Android\Android Studio\jre\bin\java.exe
0x00007ffd43700000 - 0x00007ffd438f0000 	C:\WINDOWS\SYSTEM32\ntdll.dll
0x00007ffd16810000 - 0x00007ffd16823000 	C:\Program Files\AVAST Software\Avast\aswhook.dll
0x00007ffd41970000 - 0x00007ffd41a22000 	C:\WINDOWS\System32\KERNEL32.DLL
0x00007ffd40690000 - 0x00007ffd40934000 	C:\WINDOWS\System32\KERNELBASE.dll
0x00007ffd43530000 - 0x00007ffd435d3000 	C:\WINDOWS\System32\ADVAPI32.dll
0x00007ffd42520000 - 0x00007ffd425be000 	C:\WINDOWS\System32\msvcrt.dll
0x00007ffd426a0000 - 0x00007ffd42737000 	C:\WINDOWS\System32\sechost.dll
0x00007ffd42400000 - 0x00007ffd42520000 	C:\WINDOWS\System32\RPCRT4.dll
0x00007ffd417b0000 - 0x00007ffd41944000 	C:\WINDOWS\System32\USER32.dll
0x00007ffd40940000 - 0x00007ffd40961000 	C:\WINDOWS\System32\win32u.dll
0x00007ffd42d40000 - 0x00007ffd42d66000 	C:\WINDOWS\System32\GDI32.dll
0x00007ffd40970000 - 0x00007ffd40b05000 	C:\WINDOWS\System32\gdi32full.dll
0x00007ffd41420000 - 0x00007ffd414be000 	C:\WINDOWS\System32\msvcp_win.dll
0x00007ffd41660000 - 0x00007ffd4175a000 	C:\WINDOWS\System32\ucrtbase.dll
0x00007ffd31cf0000 - 0x00007ffd31f74000 	C:\WINDOWS\WinSxS\amd64_microsoft.windows.common-controls_6595b64144ccf1df_6.0.18362.900_none_e6beb9d913147d17\COMCTL32.dll
0x00007ffd431e0000 - 0x00007ffd43515000 	C:\WINDOWS\System32\combase.dll
0x00007ffd413a0000 - 0x00007ffd41420000 	C:\WINDOWS\System32\bcryptPrimitives.dll
0x00007ffd42320000 - 0x00007ffd4234e000 	C:\WINDOWS\System32\IMM32.DLL
0x0000000054c70000 - 0x0000000054d42000 	C:\Program Files\Android\Android Studio\jre\jre\bin\msvcr100.dll
0x0000000055320000 - 0x0000000055b6b000 	C:\Program Files\Android\Android Studio\jre\jre\bin\server\jvm.dll
0x00007ffd42900000 - 0x00007ffd42908000 	C:\WINDOWS\System32\PSAPI.DLL
0x00007ffd2f670000 - 0x00007ffd2f679000 	C:\WINDOWS\SYSTEM32\WSOCK32.dll
0x00007ffd42910000 - 0x00007ffd4297f000 	C:\WINDOWS\System32\WS2_32.dll
0x00007ffd3e5b0000 - 0x00007ffd3e5d4000 	C:\WINDOWS\SYSTEM32\WINMM.dll
0x00007ffd3af10000 - 0x00007ffd3af1a000 	C:\WINDOWS\SYSTEM32\VERSION.dll
0x00007ffd3e580000 - 0x00007ffd3e5ad000 	C:\WINDOWS\SYSTEM32\WINMMBASE.dll
0x00007ffd41760000 - 0x00007ffd417aa000 	C:\WINDOWS\System32\cfgmgr32.dll
0x00007ffd3cf60000 - 0x00007ffd3cf6f000 	C:\Program Files\Android\Android Studio\jre\jre\bin\verify.dll
0x00007ffd310a0000 - 0x00007ffd310c9000 	C:\Program Files\Android\Android Studio\jre\jre\bin\java.dll
0x00007ffd37940000 - 0x00007ffd37956000 	C:\Program Files\Android\Android Studio\jre\jre\bin\zip.dll
0x00007ffd41a30000 - 0x00007ffd42116000 	C:\WINDOWS\System32\SHELL32.dll
0x00007ffd42b30000 - 0x00007ffd42bd9000 	C:\WINDOWS\System32\shcore.dll
0x00007ffd40c20000 - 0x00007ffd413a0000 	C:\WINDOWS\System32\windows.storage.dll
0x00007ffd40620000 - 0x00007ffd40643000 	C:\WINDOWS\System32\profapi.dll
0x00007ffd405d0000 - 0x00007ffd4061a000 	C:\WINDOWS\System32\powrprof.dll
0x00007ffd405c0000 - 0x00007ffd405d0000 	C:\WINDOWS\System32\UMPDC.dll
0x00007ffd422c0000 - 0x00007ffd42312000 	C:\WINDOWS\System32\shlwapi.dll
0x00007ffd40670000 - 0x00007ffd40681000 	C:\WINDOWS\System32\kernel.appcore.dll
0x00007ffd41640000 - 0x00007ffd41657000 	C:\WINDOWS\System32\cryptsp.dll
0x00007ffd31190000 - 0x00007ffd311aa000 	C:\Program Files\Android\Android Studio\jre\jre\bin\net.dll
0x00007ffd3fdd0000 - 0x00007ffd3fe37000 	C:\WINDOWS\system32\mswsock.dll
0x00007ffd2c550000 - 0x00007ffd2c563000 	C:\Program Files\Android\Android Studio\jre\jre\bin\nio.dll
0x00007ffd1c550000 - 0x00007ffd1c576000 	C:\Users\natal\.gradle\native\31\windows-amd64\native-platform.dll
0x00007ffd3cf50000 - 0x00007ffd3cf5d000 	C:\Program Files\Android\Android Studio\jre\jre\bin\management.dll
0x00007ffd3f940000 - 0x00007ffd3f973000 	C:\WINDOWS\system32\rsaenh.dll
0x00007ffd41610000 - 0x00007ffd41636000 	C:\WINDOWS\System32\bcrypt.dll
0x00007ffd404e0000 - 0x00007ffd40505000 	C:\WINDOWS\SYSTEM32\USERENV.dll
0x00007ffd40000000 - 0x00007ffd4000c000 	C:\WINDOWS\SYSTEM32\CRYPTBASE.dll
0x00007ffd3fae0000 - 0x00007ffd3fb1a000 	C:\WINDOWS\SYSTEM32\IPHLPAPI.DLL
0x00007ffd42740000 - 0x00007ffd42748000 	C:\WINDOWS\System32\NSI.dll
0x00007ffd3ae10000 - 0x00007ffd3ae26000 	C:\WINDOWS\SYSTEM32\dhcpcsvc6.DLL
0x00007ffd3ade0000 - 0x00007ffd3adfc000 	C:\WINDOWS\SYSTEM32\dhcpcsvc.DLL
0x00007ffd3fb20000 - 0x00007ffd3fbeb000 	C:\WINDOWS\SYSTEM32\DNSAPI.dll

VM Arguments:
jvm_args: -Xmx1536m -Dfile.encoding=windows-1251 -Duser.country=RU -Duser.language=ru -Duser.variant 
java_command: org.gradle.launcher.daemon.bootstrap.GradleDaemon 6.1.1
java_class_path (initial): C:\Users\natal\.gradle\wrapper\dists\gradle-6.1.1-all\cfmwm155h49vnt3hynmlrsdst\gradle-6.1.1\lib\gradle-launcher-6.1.1.jar
Launcher Type: SUN_STANDARD

Environment Variables:
PATH=C:\Program Files (x86)\Common Files\Intel\Shared Libraries\redist\intel64\compiler;C:\WINDOWS\system32;C:\WINDOWS;C:\WINDOWS\System32\Wbem;C:\WINDOWS\System32\WindowsPowerShell\v1.0\;C:\WINDOWS\System32\OpenSSH\;C:\Program Files\Git\cmd;C:\Users\natal\AppData\Local\Programs\Python\Python37\Scripts\;C:\Users\natal\AppData\Local\Programs\Python\Python37\;C:\Users\natal\AppData\Local\Microsoft\WindowsApps;;C:\Program Files\JetBrains\PyCharm 2019.2\bin;;C:\Program Files\JetBrains\IntelliJ IDEA Community Edition 2020.1.2\bin;
USERNAME=natal
OS=Windows_NT
PROCESSOR_IDENTIFIER=Intel64 Family 6 Model 158 Stepping 10, GenuineIntel



---------------  S Y S T E M  ---------------

OS: Windows 10.0 , 64 bit Build 18362 (10.0.18362.900)

CPU:total 4 (initial active 4) (2 cores per cpu, 2 threads per core) family 6 model 158 stepping 10, cmov, cx8, fxsr, mmx, sse, sse2, sse3, ssse3, sse4.1, sse4.2, popcnt, aes, clmul, erms, 3dnowpref, lzcnt, ht, tsc, tscinvbit

Memory: 4k page, physical 8262028k(1691528k free), swap 9081228k(5540k free)

vm_info: OpenJDK 64-Bit Server VM (25.242-b01) for windows-amd64 JRE (1.8.0_242-release-1644-b01), built by "builder" with MS VC++ 10.0 (VS2010)

time: Thu Jun 11 14:20:42 2020
timezone: Юго-Восточная Азия (зима)
elapsed time: 8 seconds (0d 0h 0m 8s)

